2004.10.10 08:37 B C:\SU\CSE681\code\DllLoaderDemo\compile\cmplTests.bat --> ftp.ecs.syr.edu /faculty/fawcett/handouts/CSE681/code/DllLoaderDemo/compile cmplTests.bat
2004.10.10 08:37 B C:\SU\CSE681\code\DllLoaderDemo\compile\compile.bat --> ftp.ecs.syr.edu /faculty/fawcett/handouts/CSE681/code/DllLoaderDemo/compile compile.bat
2004.10.10 08:37 B C:\SU\CSE681\code\DllLoaderDemo\compile\DllLoader.cs --> ftp.ecs.syr.edu /faculty/fawcett/handouts/CSE681/code/DllLoaderDemo/compile DllLoader.cs
2004.10.10 08:37 B C:\SU\CSE681\code\DllLoaderDemo\compile\DllLoader.exe --> ftp.ecs.syr.edu /faculty/fawcett/handouts/CSE681/code/DllLoaderDemo/compile DllLoader.exe
2004.10.10 08:37 B C:\SU\CSE681\code\DllLoaderDemo\compile\dllLoader.prn --> ftp.ecs.syr.edu /faculty/fawcett/handouts/CSE681/code/DllLoaderDemo/compile dllLoader.prn
2004.10.10 08:37 B C:\SU\CSE681\code\DllLoaderDemo\compile\ff --> ftp.ecs.syr.edu /faculty/fawcett/handouts/CSE681/code/DllLoaderDemo/compile ff
2004.10.10 08:37 B C:\SU\CSE681\code\DllLoaderDemo\compile\Interfaces.cs --> ftp.ecs.syr.edu /faculty/fawcett/handouts/CSE681/code/DllLoaderDemo/compile Interfaces.cs
2004.10.10 08:37 B C:\SU\CSE681\code\DllLoaderDemo\compile\Interfaces.dll --> ftp.ecs.syr.edu /faculty/fawcett/handouts/CSE681/code/DllLoaderDemo/compile Interfaces.dll
2004.10.10 08:37 B C:\SU\CSE681\code\DllLoaderDemo\compile\lines --> ftp.ecs.syr.edu /faculty/fawcett/handouts/CSE681/code/DllLoaderDemo/compile lines
2004.10.10 08:37 B C:\SU\CSE681\code\DllLoaderDemo\compile\run.bat --> ftp.ecs.syr.edu /faculty/fawcett/handouts/CSE681/code/DllLoaderDemo/compile run.bat
2004.10.10 08:37 B C:\SU\CSE681\code\DllLoaderDemo\compile\run.dat --> ftp.ecs.syr.edu /faculty/fawcett/handouts/CSE681/code/DllLoaderDemo/compile run.dat
2004.10.10 08:37 B C:\SU\CSE681\code\DllLoaderDemo\compile\TestedLib.cs --> ftp.ecs.syr.edu /faculty/fawcett/handouts/CSE681/code/DllLoaderDemo/compile TestedLib.cs
2004.10.10 08:37 B C:\SU\CSE681\code\DllLoaderDemo\compile\TestedLib.dll --> ftp.ecs.syr.edu /faculty/fawcett/handouts/CSE681/code/DllLoaderDemo/compile TestedLib.dll
2004.10.10 08:37 B C:\SU\CSE681\code\DllLoaderDemo\compile\TestLib.cs --> ftp.ecs.syr.edu /faculty/fawcett/handouts/CSE681/code/DllLoaderDemo/compile TestLib.cs
2004.10.10 08:37 B C:\SU\CSE681\code\DllLoaderDemo\compile\TestLib.dll --> ftp.ecs.syr.edu /faculty/fawcett/handouts/CSE681/code/DllLoaderDemo/compile TestLib.dll
2006.05.21 22:12 B C:\SU\CSE681\code\DllLoaderDemo\compile\WS_FTP.LOG --> ftp.ecs.syr.edu /faculty/fawcett/handouts/CSE681/code/DllLoaderDemo/compile WS_FTP.LOG
2006.05.21 22:12 B C:\SU\CSE681\code\DllLoaderDemo\compile\TestLib.dll --> ftp.ecs.syr.edu /faculty/fawcett/handouts/CSE681/code/DllLoaderDemo/compile TestLib.dll
2006.05.21 22:12 B C:\SU\CSE681\code\DllLoaderDemo\compile\TestedLib.dll --> ftp.ecs.syr.edu /faculty/fawcett/handouts/CSE681/code/DllLoaderDemo/compile TestedLib.dll
2006.05.21 22:12 B C:\SU\CSE681\code\DllLoaderDemo\compile\Interfaces.dll --> ftp.ecs.syr.edu /faculty/fawcett/handouts/CSE681/code/DllLoaderDemo/compile Interfaces.dll
2006.05.21 22:12 B C:\SU\CSE681\code\DllLoaderDemo\compile\dllLoader.prn --> ftp.ecs.syr.edu /faculty/fawcett/handouts/CSE681/code/DllLoaderDemo/compile dllLoader.prn
2006.05.21 22:12 B C:\SU\CSE681\code\DllLoaderDemo\compile\DllLoader.exe --> ftp.ecs.syr.edu /faculty/fawcett/handouts/CSE681/code/DllLoaderDemo/compile DllLoader.exe
2006.05.21 22:12 B C:\SU\CSE681\code\DllLoaderDemo\compile\compile.bat --> ftp.ecs.syr.edu /faculty/fawcett/handouts/CSE681/code/DllLoaderDemo/compile compile.bat
2006.05.21 22:12 B C:\SU\CSE681\code\DllLoaderDemo\compile\lines --> ftp.ecs.syr.edu /faculty/fawcett/handouts/CSE681/code/DllLoaderDemo/compile lines
2006.05.21 22:12 B C:\SU\CSE681\code\DllLoaderDemo\compile\ff --> ftp.ecs.syr.edu /faculty/fawcett/handouts/CSE681/code/DllLoaderDemo/compile ff
